Arguments: 
  /usr/local/bin/node /usr/local/bin/yarn run dev

PATH: 
  /home/leo/.local/bin:/usr/local/sbin:/usr/local/bin:/usr/sbin:/usr/bin:/sbin:/bin:/usr/games:/usr/local/games:/snap/bin

Yarn version: 
  1.22.10

Node version: 
  12.13.0

Platform: 
  linux x64

Trace: 
  SyntaxError: /home/leo/Programming/Node.JS/sendgrid_project/package.json: Unexpected token } in JSON at position 85
      at JSON.parse (<anonymous>)
      at /usr/local/lib/node_modules/yarn/lib/cli.js:1625:59
      at Generator.next (<anonymous>)
      at step (/usr/local/lib/node_modules/yarn/lib/cli.js:310:30)
      at /usr/local/lib/node_modules/yarn/lib/cli.js:321:13

npm manifest: 
  {
    "dependencies": {
      "concurrently": "^6.2.0",
      "react-scripts": "^4.0.3",
    },
    "scripts": {
      "dev": "concurrently \"yarn start-server\" \"yarn start-client\"",
      "start-client": "cd ./client && npm run start",
      "start-server": "cd ./server && yarn start"
    },
    "author": "Leonardo Araujo",
    "license": "ISC",
    "description": "Rota de envio de e-mails com templates prontos.",
    "private": true
  }

yarn manifest: 
  No manifest

Lockfile: 
  No lockfile
